c:\users\theki\downloads\intro_llibreria_grafica\intro_llibreria_grafica_estudiants\2. platforms\0. windows desktop\mp_practica\x64\debug\vc143.pdb
c:\users\theki\downloads\intro_llibreria_grafica\intro_llibreria_grafica_estudiants\2. platforms\0. windows desktop\mp_practica\x64\debug\vc143.idb
c:\users\theki\downloads\intro_llibreria_grafica\intro_llibreria_grafica_estudiants\2. platforms\0. windows desktop\mp_practica\x64\debug\tetrisfinal.obj
c:\users\theki\downloads\intro_llibreria_grafica\intro_llibreria_grafica_estudiants\2. platforms\0. windows desktop\mp_practica\x64\debug\tauler.obj
c:\users\theki\downloads\intro_llibreria_grafica\intro_llibreria_grafica_estudiants\2. platforms\0. windows desktop\mp_practica\x64\debug\registremoviment.obj
c:\users\theki\downloads\intro_llibreria_grafica\intro_llibreria_grafica_estudiants\2. platforms\0. windows desktop\mp_practica\x64\debug\main.obj
c:\users\theki\downloads\intro_llibreria_grafica\intro_llibreria_grafica_estudiants\2. platforms\0. windows desktop\mp_practica\x64\debug\graphicmanager.obj
c:\users\theki\downloads\intro_llibreria_grafica\intro_llibreria_grafica_estudiants\2. platforms\0. windows desktop\mp_practica\x64\debug\partida.obj
c:\users\theki\downloads\intro_llibreria_grafica\intro_llibreria_grafica_estudiants\2. platforms\0. windows desktop\mp_practica\x64\debug\llistaespera.obj
c:\users\theki\downloads\intro_llibreria_grafica\intro_llibreria_grafica_estudiants\2. platforms\0. windows desktop\mp_practica\x64\debug\infojoc.obj
c:\users\theki\downloads\intro_llibreria_grafica\intro_llibreria_grafica_estudiants\2. platforms\0. windows desktop\mp_practica\x64\debug\figura.obj
c:\users\theki\downloads\intro_llibreria_grafica\intro_llibreria_grafica_estudiants\2. platforms\0. windows desktop\mp_practica\x64\debug\video.obj
c:\users\theki\downloads\intro_llibreria_grafica\intro_llibreria_grafica_estudiants\2. platforms\0. windows desktop\mp_practica\x64\debug\stb_vorbis.obj
c:\users\theki\downloads\intro_llibreria_grafica\intro_llibreria_grafica_estudiants\2. platforms\0. windows desktop\mp_practica\x64\debug\sprites.obj
c:\users\theki\downloads\intro_llibreria_grafica\intro_llibreria_grafica_estudiants\2. platforms\0. windows desktop\mp_practica\x64\debug\sound.obj
c:\users\theki\downloads\intro_llibreria_grafica\intro_llibreria_grafica_estudiants\2. platforms\0. windows desktop\mp_practica\x64\debug\sdl_fontcache.obj
c:\users\theki\downloads\intro_llibreria_grafica\intro_llibreria_grafica_estudiants\2. platforms\0. windows desktop\mp_practica\x64\debug\nfont.obj
c:\users\theki\downloads\intro_llibreria_grafica\intro_llibreria_grafica_estudiants\2. platforms\0. windows desktop\mp_practica\x64\debug\mouse.obj
c:\users\theki\downloads\intro_llibreria_grafica\intro_llibreria_grafica_estudiants\2. platforms\0. windows desktop\mp_practica\x64\debug\keyboard.obj
c:\users\theki\downloads\intro_llibreria_grafica\intro_llibreria_grafica_estudiants\2. platforms\0. windows desktop\mp_practica\x64\debug\image_png.obj
c:\users\theki\downloads\intro_llibreria_grafica\intro_llibreria_grafica_estudiants\2. platforms\0. windows desktop\mp_practica\x64\debug\debug.obj
c:\users\theki\downloads\intro_llibreria_grafica\intro_llibreria_grafica_estudiants\2. platforms\0. windows desktop\\program\mp_practica.pdb
c:\users\theki\downloads\intro_llibreria_grafica\intro_llibreria_grafica_estudiants\2. platforms\0. windows desktop\program\mp_practica.exe
c:\users\theki\downloads\intro_llibreria_grafica\intro_llibreria_grafica_estudiants\2. platforms\0. windows desktop\mp_practica\x64\debug\mp_practica.tlog\cl.command.1.tlog
c:\users\theki\downloads\intro_llibreria_grafica\intro_llibreria_grafica_estudiants\2. platforms\0. windows desktop\mp_practica\x64\debug\mp_practica.tlog\cl.read.1.tlog
c:\users\theki\downloads\intro_llibreria_grafica\intro_llibreria_grafica_estudiants\2. platforms\0. windows desktop\mp_practica\x64\debug\mp_practica.tlog\cl.write.1.tlog
